#
# A fatal error has been detected by the Java Runtime Environment:
#
#  EXCEPTION_ACCESS_VIOLATION (0xc0000005) at pc=0x0000000060601698, pid=15884, tid=0x0000000000002c34
#
# JRE version: Java(TM) SE Runtime Environment (8.0_101-b13) (build 1.8.0_101-b13)
# Java VM: Java HotSpot(TM) 64-Bit Server VM (25.101-b13 mixed mode windows-amd64 compressed oops)
# Problematic frame:
# C  [jfxwebkit.dll+0x791698]
#
# Failed to write core dump. Minidumps are not enabled by default on client versions of Windows
#
# If you would like to submit a bug report, please visit:
#   http://bugreport.java.com/bugreport/crash.jsp
# The crash happened outside the Java Virtual Machine in native code.
# See problematic frame for where to report the bug.
#

---------------  T H R E A D  ---------------

Current thread (0x000000001aefd000):  JavaThread "JavaFX Application Thread" [_thread_in_native, id=11316, stack(0x000000001f420000,0x000000001f520000)]

siginfo: ExceptionCode=0xc0000005, reading address 0x0000000000000068

Registers:
RAX=0x0000000000000000, RBX=0x0000000026922080, RCX=0x0000000060601689, RDX=0x000000001f51d850
RSP=0x000000001f51d690, RBP=0x0000000000000001, RSI=0x0000000000000000, RDI=0x000000001f51d850
R8 =0x0000000000000000, R9 =0x000000002a483758, R10=0x0000000000000000, R11=0x0000000060fec292
R12=0x000000001f51d980, R13=0x00000000247d4620, R14=0x000000002a483758, R15=0x000000005fe70000
RIP=0x0000000060601698, EFLAGS=0x0000000000010246

Top of Stack: (sp=0x000000001f51d690)
0x000000001f51d690:   000000001f51d850 000000001f51d8d0
0x000000001f51d6a0:   000000001f51d980 000000006070f1b8
0x000000001f51d6b0:   fffffffffffffffe 0000000060fec280
0x000000001f51d6c0:   000000002a34e2b0 000000002a483420
0x000000001f51d6d0:   0000000026922080 000000006063230b
0x000000001f51d6e0:   0000000000000000 000000002a483420
0x000000001f51d6f0:   000000001f51d850 0000000000000001
0x000000001f51d700:   0000000026c70e00 00000000609c980c
0x000000001f51d710:   fffffffffffffffe 000000002a34e2b0
0x000000001f51d720:   000000052a483423 0000000800000008
0x000000001f51d730:   0000001a00000008 000000240000001a
0x000000001f51d740:   0000012d00000024 000000000000012d
0x000000001f51d750:   000000001aefd000 000000001f51d978
0x000000001f51d760:   0000000000000000 000000001f51d980
0x000000001f51d770:   000000001f51d850 000000006062d6d1
0x000000001f51d780:   000000002a483420 000000002a483420 

Instructions: (pc=0x0000000060601698)
0x0000000060601678:   8b d7 48 8b 48 68 e8 dd d1 04 00 84 c0 75 40 eb
0x0000000060601688:   50 40 84 f6 75 39 48 8b 43 38 45 33 c0 48 8b d7
0x0000000060601698:   48 8b 48 68 e8 bf c3 04 00 84 c0 75 22 eb 32 40
0x00000000606016a8:   84 f6 75 1b 48 8b 43 38 45 33 c0 48 8b d7 48 8b 


Register to memory mapping:

RAX=0x0000000000000000 is an unknown value
RBX=0x0000000026922080 is an unknown value
RCX=0x0000000060601689 is an unknown value
RDX=0x000000001f51d850 is pointing into the stack for thread: 0x000000001aefd000
RSP=0x000000001f51d690 is pointing into the stack for thread: 0x000000001aefd000
RBP=0x0000000000000001 is an unknown value
RSI=0x0000000000000000 is an unknown value
RDI=0x000000001f51d850 is pointing into the stack for thread: 0x000000001aefd000
R8 =0x0000000000000000 is an unknown value
R9 =0x000000002a483758 is an unknown value
R10=0x0000000000000000 is an unknown value
R11=0x0000000060fec292 is an unknown value
R12=0x000000001f51d980 is pointing into the stack for thread: 0x000000001aefd000
R13={method} {0x00000000247d4628} 'twkWillSendRequest' '(Ljava/lang/String;Ljava/lang/String;ILjava/lang/String;Ljava/lang/String;JLjava/lang/String;Ljava/lang/String;J)Z' in 'com/sun/webkit/network/URLLoader'
R14=0x000000002a483758 is an unknown value
R15=0x000000005fe70000 is an unknown value


Stack: [0x000000001f420000,0x000000001f520000],  sp=0x000000001f51d690,  free space=1013k
Native frames: (J=compiled Java code, j=interpreted, Vv=VM code, C=native code)
C  [jfxwebkit.dll+0x791698]
C  [jfxwebkit.dll+0x7c230b]
C  [jfxwebkit.dll+0x7bd6d1]
C  [jfxwebkit.dll+0x8a4587]
C  [jfxwebkit.dll+0x8a4acb]
C  0x0000000002870fec

Java frames: (J=compiled Java code, j=interpreted, Vv=VM code)
j  com.sun.webkit.network.URLLoader.twkWillSendRequest(Ljava/lang/String;Ljava/lang/String;ILjava/lang/String;Ljava/lang/String;JLjava/lang/String;Ljava/lang/String;J)Z+0
j  com.sun.webkit.network.URLLoader.notifyWillSendRequest(Ljava/lang/String;Ljava/lang/String;ILjava/lang/String;Ljava/lang/String;JLjava/lang/String;Ljava/lang/String;)Z+107
j  com.sun.webkit.network.URLLoader.lambda$willSendRequest$95(Ljava/lang/String;Ljava/lang/String;ILjava/lang/String;Ljava/lang/String;JLjava/lang/String;Ljava/lang/String;Ljava/util/concurrent/CountDownLatch;)V+21
j  com.sun.webkit.network.URLLoader$$Lambda$167.run()V+40
J 4080 C1 com.sun.javafx.application.PlatformImpl$$Lambda$67.run()Ljava/lang/Object; (8 bytes) @ 0x00000000033a5b94 [0x00000000033a5a40+0x154]
v  ~StubRoutines::call_stub
J 1346  java.security.AccessController.doPrivileged(Ljava/security/PrivilegedAction;Ljava/security/AccessControlContext;)Ljava/lang/Object; (0 bytes) @ 0x0000000002ced1a6 [0x0000000002ced140+0x66]
J 4077 C1 com.sun.javafx.application.PlatformImpl.lambda$runLater$174(Ljava/lang/Runnable;Ljava/security/AccessControlContext;)V (38 bytes) @ 0x00000000033a47c4 [0x00000000033a4440+0x384]
J 3806 C1 com.sun.javafx.application.PlatformImpl$$Lambda$66.run()V (12 bytes) @ 0x000000000333100c [0x0000000003330f80+0x8c]
J 3382 C1 com.sun.glass.ui.InvokeLaterDispatcher$Future.run()V (91 bytes) @ 0x000000000322346c [0x0000000003223360+0x10c]
v  ~StubRoutines::call_stub
j  com.sun.glass.ui.win.WinApplication._runLoop(Ljava/lang/Runnable;)V+0
j  com.sun.glass.ui.win.WinApplication.lambda$null$148(ILjava/lang/Runnable;)V+8
j  com.sun.glass.ui.win.WinApplication$$Lambda$56.run()V+12
j  java.lang.Thread.run()V+11
v  ~StubRoutines::call_stub

---------------  P R O C E S S  ---------------

Java Threads: ( => current thread )
  0x000000001e242800 JavaThread "URL-Loader-25" daemon [_thread_blocked, id=10156, stack(0x000000002d300000,0x000000002d400000)]
  0x000000001e249800 JavaThread "URL-Loader-24" daemon [_thread_in_native, id=1548, stack(0x000000002cf00000,0x000000002d000000)]
  0x000000001e246800 JavaThread "URL-Loader-23" daemon [_thread_blocked, id=11532, stack(0x000000002ce00000,0x000000002cf00000)]
  0x000000001e245800 JavaThread "URL-Loader-22" daemon [_thread_blocked, id=11528, stack(0x000000002cd00000,0x000000002ce00000)]
  0x000000001e242000 JavaThread "URL-Loader-21" daemon [_thread_blocked, id=15772, stack(0x000000002cb00000,0x000000002cc00000)]
  0x000000001e248800 JavaThread "URL-Loader-20" daemon [_thread_blocked, id=12764, stack(0x000000002c800000,0x000000002c900000)]
  0x000000001e241000 JavaThread "Keep-Alive-Timer" daemon [_thread_blocked, id=2220, stack(0x000000002c700000,0x000000002c800000)]
  0x000000001e240800 JavaThread "Thread-12" daemon [_thread_in_native, id=5008, stack(0x0000000029c20000,0x0000000029d20000)]
  0x000000001a9c4800 JavaThread "Prism Font Disposer" daemon [_thread_blocked, id=12328, stack(0x0000000027f80000,0x0000000028080000)]
  0x000000001a9bf000 JavaThread "Watchdog-Timer-1" daemon [_thread_blocked, id=12752, stack(0x00000000258e0000,0x00000000259e0000)]
  0x000000001a9bc000 JavaThread "FX Access Thread (Visual Debugger)" daemon [_thread_blocked, id=16296, stack(0x0000000024920000,0x0000000024a20000)]
  0x000000001a9bd800 JavaThread "Disposer" daemon [_thread_blocked, id=13412, stack(0x0000000024320000,0x0000000024420000)]
  0x000000001aefa000 JavaThread "Thread-7" daemon [_thread_in_native, id=6480, stack(0x0000000023a20000,0x0000000023b20000)]
  0x000000001aefb000 JavaThread "invokeAndBlock1" [_thread_blocked, id=12196, stack(0x0000000023b20000,0x0000000023c20000)]
=>0x000000001aefd000 JavaThread "JavaFX Application Thread" [_thread_in_native, id=11316, stack(0x000000001f420000,0x000000001f520000)]
  0x000000001aefb800 JavaThread "Thread-6" daemon [_thread_blocked, id=7564, stack(0x000000001f320000,0x000000001f420000)]
  0x000000001aefc800 JavaThread "QuantumRenderer-0" daemon [_thread_blocked, id=14296, stack(0x000000001f120000,0x000000001f220000)]
  0x000000001ab24800 JavaThread "EDT" [_thread_blocked, id=1656, stack(0x000000001d450000,0x000000001d550000)]
  0x000000001a84a800 JavaThread "org.netbeans.modules.debugger.jpda.visual AWT Access Loop" daemon [_thread_blocked, id=14536, stack(0x000000001c610000,0x000000001c710000)]
  0x0000000000e12800 JavaThread "DestroyJavaVM" [_thread_blocked, id=96, stack(0x0000000002740000,0x0000000002840000)]
  0x000000001a7f5800 JavaThread "Thread-1" [_thread_blocked, id=9940, stack(0x000000001c410000,0x000000001c510000)]
  0x000000001a7f0800 JavaThread "AWT-EventQueue-0" [_thread_blocked, id=9172, stack(0x000000001c310000,0x000000001c410000)]
  0x000000001a7eb800 JavaThread "AWT-Windows" daemon [_thread_in_native, id=1140, stack(0x000000001b130000,0x000000001b230000)]
  0x000000001a7e9000 JavaThread "AWT-Shutdown" [_thread_blocked, id=10764, stack(0x000000001b030000,0x000000001b130000)]
  0x000000001a7e7800 JavaThread "Java2D Disposer" daemon [_thread_blocked, id=10252, stack(0x000000001af30000,0x000000001b030000)]
  0x00000000195d2800 JavaThread "Service Thread" daemon [_thread_blocked, id=3500, stack(0x000000001a400000,0x000000001a500000)]
  0x0000000019591800 JavaThread "C1 CompilerThread3" daemon [_thread_blocked, id=1796, stack(0x000000001a300000,0x000000001a400000)]
  0x000000001956b800 JavaThread "C2 CompilerThread2" daemon [_thread_blocked, id=15796, stack(0x000000001a200000,0x000000001a300000)]
  0x000000001956b000 JavaThread "C2 CompilerThread1" daemon [_thread_blocked, id=2580, stack(0x000000001a100000,0x000000001a200000)]
  0x0000000019564800 JavaThread "C2 CompilerThread0" daemon [_thread_blocked, id=13672, stack(0x000000001a000000,0x000000001a100000)]
  0x0000000019554000 JavaThread "JDWP Command Reader" daemon [_thread_in_native, id=11488, stack(0x0000000019f00000,0x000000001a000000)]
  0x000000001954f000 JavaThread "JDWP Event Helper Thread" daemon [_thread_blocked, id=9524, stack(0x0000000019e00000,0x0000000019f00000)]
  0x0000000019540800 JavaThread "JDWP Transport Listener: dt_shmem" daemon [_thread_blocked, id=13636, stack(0x0000000019d00000,0x0000000019e00000)]
  0x0000000019539000 JavaThread "Attach Listener" daemon [_thread_blocked, id=8140, stack(0x0000000019c00000,0x0000000019d00000)]
  0x0000000019538000 JavaThread "Signal Dispatcher" daemon [_thread_blocked, id=14240, stack(0x0000000019b00000,0x0000000019c00000)]
  0x0000000019530800 JavaThread "Finalizer" daemon [_thread_blocked, id=15208, stack(0x0000000019910000,0x0000000019a10000)]
  0x0000000000f0a000 JavaThread "Reference Handler" daemon [_thread_blocked, id=9908, stack(0x0000000019410000,0x0000000019510000)]

Other Threads:
  0x0000000017639800 VMThread [stack: 0x0000000019310000,0x0000000019410000] [id=8568]
  0x00000000195d7000 WatcherThread [stack: 0x000000001a500000,0x000000001a600000] [id=5168]

VM state:not at safepoint (normal execution)

VM Mutex/Monitor currently owned by a thread: None

Heap:
 PSYoungGen      total 245760K, used 112191K [0x00000000d6c00000, 0x00000000e7400000, 0x0000000100000000)
  eden space 231936K, 46% used [0x00000000d6c00000,0x00000000dd552a08,0x00000000e4e80000)
  from space 13824K, 31% used [0x00000000e5b80000,0x00000000e5fbd518,0x00000000e6900000)
  to   space 13312K, 0% used [0x00000000e4e80000,0x00000000e4e80000,0x00000000e5b80000)
 ParOldGen       total 59904K, used 12645K [0x0000000084400000, 0x0000000087e80000, 0x00000000d6c00000)
  object space 59904K, 21% used [0x0000000084400000,0x00000000850596a0,0x0000000087e80000)
 Metaspace       used 30648K, capacity 31578K, committed 31744K, reserved 1077248K
  class space    used 3801K, capacity 4006K, committed 4096K, reserved 1048576K

Card table byte_map: [0x0000000011c10000,0x0000000011ff0000] byte_map_base: 0x00000000117ee000

Marking Bits: (ParMarkBitMap*) 0x00000000634fa6d0
 Begin Bits: [0x0000000012a90000, 0x0000000014980000)
 End Bits:   [0x0000000014980000, 0x0000000016870000)

Polling page: 0x0000000000df0000

CodeCache: size=245760Kb used=12451Kb max_used=12462Kb free=233308Kb
 bounds [0x0000000002850000, 0x0000000003490000, 0x0000000011850000]
 total_blobs=4793 nmethods=3903 adapters=809
 compilation: enabled

Compilation events (10 events):
Event: 35.328 Thread 0x0000000019591800 4393       3       java.util.Calendar::isExternallySet (16 bytes)
Event: 35.328 Thread 0x0000000019591800 nmethod 4393 0x000000000347e4d0 code [0x000000000347e640, 0x000000000347e810]
Event: 35.328 Thread 0x0000000019591800 4389       3       sun.util.calendar.BaseCalendar::getCalendarDateFromFixedDate (305 bytes)
Event: 35.330 Thread 0x0000000019591800 nmethod 4389 0x0000000003484250 code [0x00000000034844c0, 0x0000000003485f08]
Event: 35.330 Thread 0x0000000019591800 4392       1       com.sun.webkit.network.Cookie::getDomain (5 bytes)
Event: 35.330 Thread 0x0000000019591800 nmethod 4392 0x0000000003482d10 code [0x0000000003482e60, 0x0000000003482f70]
Event: 35.330 Thread 0x0000000019591800 4390       1       java.net.URI::getScheme (5 bytes)
Event: 35.330 Thread 0x0000000019591800 nmethod 4390 0x0000000003482a50 code [0x0000000003482ba0, 0x0000000003482cb0]
Event: 35.723 Thread 0x000000001956b000 4394       4       java.util.WeakHashMap::entrySet (28 bytes)
Event: 35.724 Thread 0x000000001956b000 nmethod 4394 0x0000000003481250 code [0x00000000034813a0, 0x0000000003481498]

GC Heap History (10 events):
Event: 5.787 GC heap before
{Heap before GC invocations=5 (full 0):
 PSYoungGen      total 68608K, used 68242K [0x00000000d6c00000, 0x00000000db400000, 0x0000000100000000)
  eden space 63488K, 100% used [0x00000000d6c00000,0x00000000daa00000,0x00000000daa00000)
  from space 5120K, 92% used [0x00000000daf00000,0x00000000db3a48e8,0x00000000db400000)
  to   space 5120K, 0% used [0x00000000daa00000,0x00000000daa00000,0x00000000daf00000)
 ParOldGen       total 84992K, used 14615K [0x0000000084400000, 0x0000000089700000, 0x00000000d6c00000)
  object space 84992K, 17% used [0x0000000084400000,0x0000000085245f38,0x0000000089700000)
 Metaspace       used 15227K, capacity 15500K, committed 15744K, reserved 1062912K
  class space    used 1796K, capacity 1877K, committed 1920K, reserved 1048576K
Event: 5.791 GC heap after
Heap after GC invocations=5 (full 0):
 PSYoungGen      total 68608K, used 5104K [0x00000000d6c00000, 0x00000000e0600000, 0x0000000100000000)
  eden space 63488K, 0% used [0x00000000d6c00000,0x00000000d6c00000,0x00000000daa00000)
  from space 5120K, 99% used [0x00000000daa00000,0x00000000daefc0f0,0x00000000daf00000)
  to   space 15360K, 0% used [0x00000000df700000,0x00000000df700000,0x00000000e0600000)
 ParOldGen       total 84992K, used 17103K [0x0000000084400000, 0x0000000089700000, 0x00000000d6c00000)
  object space 84992K, 20% used [0x0000000084400000,0x00000000854b3d30,0x0000000089700000)
 Metaspace       used 15227K, capacity 15500K, committed 15744K, reserved 1062912K
  class space    used 1796K, capacity 1877K, committed 1920K, reserved 1048576K
}
Event: 8.100 GC heap before
{Heap before GC invocations=6 (full 0):
 PSYoungGen      total 68608K, used 48184K [0x00000000d6c00000, 0x00000000e0600000, 0x0000000100000000)
  eden space 63488K, 67% used [0x00000000d6c00000,0x00000000d9612150,0x00000000daa00000)
  from space 5120K, 99% used [0x00000000daa00000,0x00000000daefc0f0,0x00000000daf00000)
  to   space 15360K, 0% used [0x00000000df700000,0x00000000df700000,0x00000000e0600000)
 ParOldGen       total 84992K, used 17103K [0x0000000084400000, 0x0000000089700000, 0x00000000d6c00000)
  object space 84992K, 20% used [0x0000000084400000,0x00000000854b3d30,0x0000000089700000)
 Metaspace       used 20781K, capacity 21254K, committed 21296K, reserved 1069056K
  class space    used 2545K, capacity 2686K, committed 2688K, reserved 1048576K
Event: 8.106 GC heap after
Heap after GC invocations=6 (full 0):
 PSYoungGen      total 139264K, used 7340K [0x00000000d6c00000, 0x00000000e0300000, 0x0000000100000000)
  eden space 126976K, 0% used [0x00000000d6c00000,0x00000000d6c00000,0x00000000de800000)
  from space 12288K, 59% used [0x00000000df700000,0x00000000dfe2b340,0x00000000e0300000)
  to   space 13824K, 0% used [0x00000000de800000,0x00000000de800000,0x00000000df580000)
 ParOldGen       total 84992K, used 17111K [0x0000000084400000, 0x0000000089700000, 0x00000000d6c00000)
  object space 84992K, 20% used [0x0000000084400000,0x00000000854b5d30,0x0000000089700000)
 Metaspace       used 20781K, capacity 21254K, committed 21296K, reserved 1069056K
  class space    used 2545K, capacity 2686K, committed 2688K, reserved 1048576K
}
Event: 8.106 GC heap before
{Heap before GC invocations=7 (full 1):
 PSYoungGen      total 139264K, used 7340K [0x00000000d6c00000, 0x00000000e0300000, 0x0000000100000000)
  eden space 126976K, 0% used [0x00000000d6c00000,0x00000000d6c00000,0x00000000de800000)
  from space 12288K, 59% used [0x00000000df700000,0x00000000dfe2b340,0x00000000e0300000)
  to   space 13824K, 0% used [0x00000000de800000,0x00000000de800000,0x00000000df580000)
 ParOldGen       total 84992K, used 17111K [0x0000000084400000, 0x0000000089700000, 0x00000000d6c00000)
  object space 84992K, 20% used [0x0000000084400000,0x00000000854b5d30,0x0000000089700000)
 Metaspace       used 20781K, capacity 21254K, committed 21296K, reserved 1069056K
  class space    used 2545K, capacity 2686K, committed 2688K, reserved 1048576K
Event: 8.135 GC heap after
Heap after GC invocations=7 (full 1):
 PSYoungGen      total 139264K, used 0K [0x00000000d6c00000, 0x00000000e0300000, 0x0000000100000000)
  eden space 126976K, 0% used [0x00000000d6c00000,0x00000000d6c00000,0x00000000de800000)
  from space 12288K, 0% used [0x00000000df700000,0x00000000df700000,0x00000000e0300000)
  to   space 13824K, 0% used [0x00000000de800000,0x00000000de800000,0x00000000df580000)
 ParOldGen       total 59904K, used 12621K [0x0000000084400000, 0x0000000087e80000, 0x00000000d6c00000)
  object space 59904K, 21% used [0x0000000084400000,0x00000000850536a0,0x0000000087e80000)
 Metaspace       used 20781K, capacity 21254K, committed 21296K, reserved 1069056K
  class space    used 2545K, capacity 2686K, committed 2688K, reserved 1048576K
}
Event: 10.099 GC heap before
{Heap before GC invocations=8 (full 1):
 PSYoungGen      total 139264K, used 126915K [0x00000000d6c00000, 0x00000000e0300000, 0x0000000100000000)
  eden space 126976K, 99% used [0x00000000d6c00000,0x00000000de7f0d58,0x00000000de800000)
  from space 12288K, 0% used [0x00000000df700000,0x00000000df700000,0x00000000e0300000)
  to   space 13824K, 0% used [0x00000000de800000,0x00000000de800000,0x00000000df580000)
 ParOldGen       total 59904K, used 12621K [0x0000000084400000, 0x0000000087e80000, 0x00000000d6c00000)
  object space 59904K, 21% used [0x0000000084400000,0x00000000850536a0,0x0000000087e80000)
 Metaspace       used 28103K, capacity 28834K, committed 29184K, reserved 1075200K
  class space    used 3538K, capacity 3718K, committed 3840K, reserved 1048576K
Event: 10.105 GC heap after
Heap after GC invocations=8 (full 1):
 PSYoungGen      total 140800K, used 5771K [0x00000000d6c00000, 0x00000000e6900000, 0x0000000100000000)
  eden space 126976K, 0% used [0x00000000d6c00000,0x00000000d6c00000,0x00000000de800000)
  from space 13824K, 41% used [0x00000000de800000,0x00000000deda2e20,0x00000000df580000)
  to   space 13824K, 0% used [0x00000000e5b80000,0x00000000e5b80000,0x00000000e6900000)
 ParOldGen       total 59904K, used 12637K [0x0000000084400000, 0x0000000087e80000, 0x00000000d6c00000)
  object space 59904K, 21% used [0x0000000084400000,0x00000000850576a0,0x0000000087e80000)
 Metaspace       used 28103K, capacity 28834K, committed 29184K, reserved 1075200K
  class space    used 3538K, capacity 3718K, committed 3840K, reserved 1048576K
}
Event: 10.132 GC heap before
{Heap before GC invocations=9 (full 1):
 PSYoungGen      total 140800K, used 132638K [0x00000000d6c00000, 0x00000000e6900000, 0x0000000100000000)
  eden space 126976K, 99% used [0x00000000d6c00000,0x00000000de7e4c98,0x00000000de800000)
  from space 13824K, 41% used [0x00000000de800000,0x00000000deda2e20,0x00000000df580000)
  to   space 13824K, 0% used [0x00000000e5b80000,0x00000000e5b80000,0x00000000e6900000)
 ParOldGen       total 59904K, used 12637K [0x0000000084400000, 0x0000000087e80000, 0x00000000d6c00000)
  object space 59904K, 21% used [0x0000000084400000,0x00000000850576a0,0x0000000087e80000)
 Metaspace       used 28118K, capacity 28834K, committed 29184K, reserved 1075200K
  class space    used 3538K, capacity 3718K, committed 3840K, reserved 1048576K
Event: 10.135 GC heap after
Heap after GC invocations=9 (full 1):
 PSYoungGen      total 245760K, used 4341K [0x00000000d6c00000, 0x00000000e7400000, 0x0000000100000000)
  eden space 231936K, 0% used [0x00000000d6c00000,0x00000000d6c00000,0x00000000e4e80000)
  from space 13824K, 31% used [0x00000000e5b80000,0x00000000e5fbd518,0x00000000e6900000)
  to   space 13312K, 0% used [0x00000000e4e80000,0x00000000e4e80000,0x00000000e5b80000)
 ParOldGen       total 59904K, used 12645K [0x0000000084400000, 0x0000000087e80000, 0x00000000d6c00000)
  object space 59904K, 21% used [0x0000000084400000,0x00000000850596a0,0x0000000087e80000)
 Metaspace       used 28118K, capacity 28834K, committed 29184K, reserved 1075200K
  class space    used 3538K, capacity 3718K, committed 3840K, reserved 1048576K
}

Deoptimization events (10 events):
Event: 11.467 Thread 0x000000001aefd000 Uncommon trap: reason=class_check action=maybe_recompile pc=0x000000000318b4ac method=java.util.regex.Pattern$Node.study(Ljava/util/regex/Pattern$TreeInfo;)Z @ 12
Event: 11.467 Thread 0x000000001aefd000 Uncommon trap: reason=bimorphic action=maybe_recompile pc=0x000000000317b8f8 method=java.util.regex.Pattern$Curly.match0(Ljava/util/regex/Matcher;IILjava/lang/CharSequence;)Z @ 141
Event: 11.467 Thread 0x000000001aefd000 Uncommon trap: reason=class_check action=maybe_recompile pc=0x000000000317b614 method=java.util.regex.Pattern$Curly.match0(Ljava/util/regex/Matcher;IILjava/lang/CharSequence;)Z @ 170
Event: 13.096 Thread 0x000000001aefd000 Uncommon trap: reason=bimorphic action=maybe_recompile pc=0x000000000317b8f8 method=java.util.regex.Pattern$Curly.match0(Ljava/util/regex/Matcher;IILjava/lang/CharSequence;)Z @ 141
Event: 13.097 Thread 0x000000001aefd000 Uncommon trap: reason=unstable_if action=reinterpret pc=0x0000000002dea09c method=java.util.regex.Pattern$Branch.match(Ljava/util/regex/Matcher;ILjava/lang/CharSequence;)Z @ 19
Event: 13.097 Thread 0x000000001aefd000 Uncommon trap: reason=bimorphic action=maybe_recompile pc=0x000000000317760c method=java.util.regex.Pattern$BmpCharProperty.match(Ljava/util/regex/Matcher;ILjava/lang/CharSequence;)Z @ 16
Event: 13.097 Thread 0x000000001aefd000 Uncommon trap: reason=bimorphic action=maybe_recompile pc=0x000000000317760c method=java.util.regex.Pattern$BmpCharProperty.match(Ljava/util/regex/Matcher;ILjava/lang/CharSequence;)Z @ 16
Event: 13.097 Thread 0x000000001aefd000 Uncommon trap: reason=class_check action=maybe_recompile pc=0x000000000317b614 method=java.util.regex.Pattern$Curly.match0(Ljava/util/regex/Matcher;IILjava/lang/CharSequence;)Z @ 170
Event: 13.173 Thread 0x000000001aefd000 Uncommon trap: reason=bimorphic action=maybe_recompile pc=0x000000000317b8f8 method=java.util.regex.Pattern$Curly.match0(Ljava/util/regex/Matcher;IILjava/lang/CharSequence;)Z @ 141
Event: 13.173 Thread 0x000000001aefd000 Uncommon trap: reason=class_check action=maybe_recompile pc=0x000000000317b614 method=java.util.regex.Pattern$Curly.match0(Ljava/util/regex/Matcher;IILjava/lang/CharSequence;)Z @ 170

Internal exceptions (10 events):
Event: 7.979 Thread 0x000000001aefd000 Exception <a 'java/lang/NullPointerException'> (0x00000000d8fa4ee0) thrown at [C:\re\workspace\8-2-build-windows-amd64-cygwin\jdk8u101\7261\hotspot\src\share\vm\prims\jvm.cpp, line 1390]
Event: 8.356 Thread 0x000000001aefd000 Exception <a 'sun/nio/fs/WindowsException'> (0x00000000d77fd310) thrown at [C:\re\workspace\8-2-build-windows-amd64-cygwin\jdk8u101\7261\hotspot\src\share\vm\prims\jni.cpp, line 709]
Event: 8.358 Thread 0x000000001aefd000 Exception <a 'sun/nio/fs/WindowsException'> (0x00000000d77feb68) thrown at [C:\re\workspace\8-2-build-windows-amd64-cygwin\jdk8u101\7261\hotspot\src\share\vm\prims\jni.cpp, line 709]
Event: 8.581 Thread 0x000000001a9be800 Implicit null exception at 0x0000000002fd8ff8 to 0x0000000002fd9175
Event: 9.998 Thread 0x000000001aefd000 Exception <a 'java/io/FileNotFoundException'> (0x00000000d92cafc0) thrown at [C:\re\workspace\8-2-build-windows-amd64-cygwin\jdk8u101\7261\hotspot\src\share\vm\prims\jni.cpp, line 709]
Event: 10.782 Thread 0x000000001e240800 Exception <a 'sun/nio/fs/WindowsException'> (0x00000000db306cb8) thrown at [C:\re\workspace\8-2-build-windows-amd64-cygwin\jdk8u101\7261\hotspot\src\share\vm\prims\jni.cpp, line 709]
Event: 23.104 Thread 0x000000001aefd000 Exception <a 'java/io/FileNotFoundException'> (0x00000000dc508258) thrown at [C:\re\workspace\8-2-build-windows-amd64-cygwin\jdk8u101\7261\hotspot\src\share\vm\prims\jni.cpp, line 709]
Event: 23.105 Thread 0x000000001aefd000 Exception <a 'java/io/FileNotFoundException'> (0x00000000dc5094e8) thrown at [C:\re\workspace\8-2-build-windows-amd64-cygwin\jdk8u101\7261\hotspot\src\share\vm\prims\jni.cpp, line 709]
Event: 23.106 Thread 0x000000001aefd000 Exception <a 'java/io/FileNotFoundException'> (0x00000000dc50f100) thrown at [C:\re\workspace\8-2-build-windows-amd64-cygwin\jdk8u101\7261\hotspot\src\share\vm\prims\jni.cpp, line 709]
Event: 23.106 Thread 0x000000001aefd000 Exception <a 'java/io/FileNotFoundException'> (0x00000000dc510378) thrown at [C:\re\workspace\8-2-build-windows-amd64-cygwin\jdk8u101\7261\hotspot\src\share\vm\prims\jni.cpp, line 709]

Events (10 events):
Event: 35.328 Thread 0x000000001e245800 DEOPT UNPACKING pc=0x000000000289787f sp=0x000000002cdfdc90 mode 1
Event: 35.373 Executing VM operation: RevokeBias
Event: 35.373 Executing VM operation: RevokeBias done
Event: 35.373 Thread 0x000000001e246800 DEOPT PACKING pc=0x000000000340dad4 sp=0x000000002cefe170
Event: 35.373 Thread 0x000000001e246800 DEOPT UNPACKING pc=0x000000000289787f sp=0x000000002cefe210 mode 1
Event: 35.708 Thread 0x000000001e242800 Thread added: 0x000000001e242800
Event: 35.898 Thread 0x000000001e242800 DEOPT PACKING pc=0x0000000002e736f4 sp=0x000000002d3fdc80
Event: 35.899 Thread 0x000000001e242800 DEOPT UNPACKING pc=0x000000000289787f sp=0x000000002d3fdab0 mode 1
Event: 35.899 Thread 0x000000001e242800 DEOPT PACKING pc=0x0000000002decd64 sp=0x000000002d3fde30
Event: 35.899 Thread 0x000000001e242800 DEOPT UNPACKING pc=0x000000000289787f sp=0x000000002d3fdb80 mode 1


Dynamic libraries:
0x00007ff718aa0000 - 0x00007ff718ad7000 	C:\Program Files\Java\jdk1.8.0_101\jre\bin\java.exe
0x00007fffb4e40000 - 0x00007fffb501b000 	C:\WINDOWS\SYSTEM32\ntdll.dll
0x00007fffb2580000 - 0x00007fffb262e000 	C:\WINDOWS\System32\KERNEL32.DLL
0x00007fffb1360000 - 0x00007fffb15a9000 	C:\WINDOWS\System32\KERNELBASE.dll
0x00007fffb4750000 - 0x00007fffb47f1000 	C:\WINDOWS\System32\ADVAPI32.dll
0x00007fffb4da0000 - 0x00007fffb4e3d000 	C:\WINDOWS\System32\msvcrt.dll
0x00007fffb4c70000 - 0x00007fffb4cc9000 	C:\WINDOWS\System32\sechost.dll
0x00007fffb4060000 - 0x00007fffb4185000 	C:\WINDOWS\System32\RPCRT4.dll
0x00007fffb2930000 - 0x00007fffb2a7a000 	C:\WINDOWS\System32\USER32.dll
0x00007fffb1920000 - 0x00007fffb193e000 	C:\WINDOWS\System32\win32u.dll
0x00007fffb4800000 - 0x00007fffb4827000 	C:\WINDOWS\System32\GDI32.dll
0x00007fffb2210000 - 0x00007fffb2399000 	C:\WINDOWS\System32\gdi32full.dll
0x00007fffb16b0000 - 0x00007fffb174a000 	C:\WINDOWS\System32\msvcp_win.dll
0x00007fffb15b0000 - 0x00007fffb16a6000 	C:\WINDOWS\System32\ucrtbase.dll
0x00007fffa2740000 - 0x00007fffa29a7000 	C:\WINDOWS\WinSxS\amd64_microsoft.windows.common-controls_6595b64144ccf1df_6.0.15063.0_none_108e4f62dfe5d999\COMCTL32.dll
0x00007fffb2630000 - 0x00007fffb2929000 	C:\WINDOWS\System32\combase.dll
0x00007fffb2040000 - 0x00007fffb20aa000 	C:\WINDOWS\System32\bcryptPrimitives.dll
0x00007fffb4720000 - 0x00007fffb474d000 	C:\WINDOWS\System32\IMM32.DLL
0x00007fffb1000000 - 0x00007fffb10ec000 	C:\Windows\system32\guard64.dll
0x00007fffb0ff0000 - 0x00007fffb0ffa000 	C:\WINDOWS\system32\version.dll
0x00007fffb4920000 - 0x00007fffb4a64000 	C:\WINDOWS\System32\ole32.dll
0x00007fffb4ad0000 - 0x00007fffb4b21000 	C:\WINDOWS\System32\shlwapi.dll
0x00007fffb0fe0000 - 0x00007fffb0fea000 	C:\WINDOWS\system32\fltlib.dll
0x00007fffb0fa0000 - 0x00007fffb0fd1000 	C:\WINDOWS\SYSTEM32\ntmarta.dll
0x0000000062c00000 - 0x0000000062cd2000 	C:\Program Files\Java\jdk1.8.0_101\jre\bin\msvcr100.dll
0x0000000062ce0000 - 0x000000006357a000 	C:\Program Files\Java\jdk1.8.0_101\jre\bin\server\jvm.dll
0x00007fffb4d90000 - 0x00007fffb4d98000 	C:\WINDOWS\System32\PSAPI.DLL
0x00007fff84280000 - 0x00007fff84289000 	C:\WINDOWS\SYSTEM32\WSOCK32.dll
0x00007fffb2510000 - 0x00007fffb257c000 	C:\WINDOWS\System32\WS2_32.dll
0x00007fffaf580000 - 0x00007fffaf5a3000 	C:\WINDOWS\SYSTEM32\WINMM.dll
0x00007fffaf520000 - 0x00007fffaf54b000 	C:\WINDOWS\SYSTEM32\WINMMBASE.dll
0x00007fffb21c0000 - 0x00007fffb2209000 	C:\WINDOWS\System32\cfgmgr32.dll
0x0000000062bb0000 - 0x0000000062bbf000 	C:\Program Files\Java\jdk1.8.0_101\jre\bin\verify.dll
0x0000000062b80000 - 0x0000000062ba9000 	C:\Program Files\Java\jdk1.8.0_101\jre\bin\java.dll
0x00000000625a0000 - 0x00000000625d5000 	C:\Program Files\Java\jdk1.8.0_101\jre\bin\jdwp.dll
0x00000000624d0000 - 0x00000000624d8000 	C:\Program Files\Java\jdk1.8.0_101\jre\bin\npt.dll
0x0000000062b60000 - 0x0000000062b76000 	C:\Program Files\Java\jdk1.8.0_101\jre\bin\zip.dll
0x00007fffb2c20000 - 0x00007fffb4057000 	C:\WINDOWS\System32\SHELL32.dll
0x00007fffb4190000 - 0x00007fffb423a000 	C:\WINDOWS\System32\shcore.dll
0x00007fffb1940000 - 0x00007fffb2032000 	C:\WINDOWS\System32\windows.storage.dll
0x00007fffb1340000 - 0x00007fffb1351000 	C:\WINDOWS\System32\kernel.appcore.dll
0x00007fffb12f0000 - 0x00007fffb133c000 	C:\WINDOWS\System32\powrprof.dll
0x00007fffb12b0000 - 0x00007fffb12c5000 	C:\WINDOWS\System32\profapi.dll
0x0000000062590000 - 0x000000006259b000 	C:\Program Files\Java\jdk1.8.0_101\jre\bin\dt_shmem.dll
0x0000000062980000 - 0x0000000062b18000 	C:\Program Files\Java\jdk1.8.0_101\jre\bin\awt.dll
0x00007fffb4cd0000 - 0x00007fffb4d8f000 	C:\WINDOWS\System32\OLEAUT32.dll
0x00007fffaf770000 - 0x00007fffaf7ee000 	C:\WINDOWS\SYSTEM32\apphelp.dll
0x00007fffaf900000 - 0x00007fffaf995000 	C:\WINDOWS\system32\uxtheme.dll
0x00007fffb23a0000 - 0x00007fffb2506000 	C:\WINDOWS\System32\MSCTF.dll
0x000000001b260000 - 0x000000001bda6000 	C:\WINDOWS\SYSTEM32\ig75icd64.dll
0x00007fff8bbc0000 - 0x00007fff8bce1000 	C:\WINDOWS\SYSTEM32\OPENGL32.dll
0x00007fffa3d40000 - 0x00007fffa4780000 	C:\WINDOWS\SYSTEM32\igdusc64.dll
0x00007fffadce0000 - 0x00007fffadcf3000 	C:\WINDOWS\SYSTEM32\WTSAPI32.dll
0x00007fffae940000 - 0x00007fffae96a000 	C:\WINDOWS\SYSTEM32\dwmapi.dll
0x00007fff8b6a0000 - 0x00007fff8b6cc000 	C:\WINDOWS\SYSTEM32\GLU32.dll
0x00007fffb0c10000 - 0x00007fffb0c27000 	C:\WINDOWS\SYSTEM32\CRYPTSP.dll
0x00007fffb0690000 - 0x00007fffb06c4000 	C:\WINDOWS\system32\rsaenh.dll
0x00007fffb0d20000 - 0x00007fffb0d45000 	C:\WINDOWS\SYSTEM32\bcrypt.dll
0x00007fffb11e0000 - 0x00007fffb1209000 	C:\WINDOWS\SYSTEM32\USERENV.dll
0x00007fffb0c30000 - 0x00007fffb0c3b000 	C:\WINDOWS\SYSTEM32\CRYPTBASE.dll
0x0000000062b40000 - 0x0000000062b5a000 	C:\Program Files\Java\jdk1.8.0_101\jre\bin\net.dll
0x00007fffb0a70000 - 0x00007fffb0acc000 	C:\WINDOWS\system32\mswsock.dll
0x00007fffb0810000 - 0x00007fffb0847000 	C:\WINDOWS\SYSTEM32\IPHLPAPI.DLL
0x00007fffb4b50000 - 0x00007fffb4b58000 	C:\WINDOWS\System32\NSI.dll
0x00007fffa81f0000 - 0x00007fffa8206000 	C:\WINDOWS\SYSTEM32\dhcpcsvc6.DLL
0x00007fffa93c0000 - 0x00007fffa93da000 	C:\WINDOWS\SYSTEM32\dhcpcsvc.DLL
0x0000000062b20000 - 0x0000000062b31000 	C:\Program Files\Java\jdk1.8.0_101\jre\bin\nio.dll
0x0000000062930000 - 0x0000000062977000 	C:\Program Files\Java\jdk1.8.0_101\jre\bin\fontmanager.dll
0x00000000628e0000 - 0x0000000062922000 	C:\Program Files\Java\jdk1.8.0_101\jre\bin\t2k.dll
0x00007fffa91e0000 - 0x00007fffa9262000 	C:\WINDOWS\System32\TextInputFramework.dll
0x00007fffa8f00000 - 0x00007fffa91d2000 	C:\WINDOWS\System32\CoreUIComponents.dll
0x00007fffae850000 - 0x00007fffae933000 	C:\WINDOWS\System32\CoreMessaging.dll
0x00007fffad6d0000 - 0x00007fffad809000 	C:\WINDOWS\SYSTEM32\wintypes.dll
0x00007fffadb20000 - 0x00007fffadb35000 	C:\WINDOWS\SYSTEM32\usermgrcli.dll
0x00007fff7ee00000 - 0x00007fff7eeef000 	C:\Program Files\Java\jdk1.8.0_101\jre\bin\msvcr120.dll
0x00007fff7e9e0000 - 0x00007fff7ea86000 	C:\Program Files\Java\jdk1.8.0_101\jre\bin\msvcp120.dll
0x00000000624a0000 - 0x00000000624c2000 	C:\Program Files\Java\jdk1.8.0_101\jre\bin\prism_d3d.dll
0x00007fff754d0000 - 0x00007fff75659000 	C:\WINDOWS\system32\d3d9.dll
0x00007fff5bbc0000 - 0x00007fff5e0fd000 	C:\WINDOWS\SYSTEM32\igdumdim64.dll
0x00007fffb4240000 - 0x00007fffb467b000 	C:\WINDOWS\System32\SETUPAPI.dll
0x0000000062400000 - 0x0000000062443000 	C:\Program Files\Java\jdk1.8.0_101\jre\bin\glass.dll
0x00007fffb4b60000 - 0x00007fffb4c68000 	C:\WINDOWS\System32\COMDLG32.dll
0x000000005fe70000 - 0x0000000062400000 	C:\Program Files\Java\jdk1.8.0_101\jre\bin\jfxwebkit.dll
0x000000005fe50000 - 0x000000005fe64000 	C:\Program Files\Java\jdk1.8.0_101\jre\bin\javafx_font.dll
0x00007fffa3a80000 - 0x00007fffa3d40000 	C:\WINDOWS\SYSTEM32\dwrite.dll
0x0000000062870000 - 0x0000000062894000 	C:\Program Files\Java\jdk1.8.0_101\jre\bin\sunec.dll
0x0000000062860000 - 0x000000006286b000 	C:\Program Files\Java\jdk1.8.0_101\jre\bin\sunmscapi.dll
0x0000000025180000 - 0x0000000025349000 	C:\WINDOWS\System32\CRYPT32.dll
0x00007fffb12d0000 - 0x00007fffb12e1000 	C:\WINDOWS\System32\MSASN1.dll
0x00007fff9c1a0000 - 0x00007fff9c1b6000 	C:\WINDOWS\system32\napinsp.dll
0x00007fff9c180000 - 0x00007fff9c19a000 	C:\WINDOWS\system32\pnrpnsp.dll
0x00007fffae830000 - 0x00007fffae848000 	C:\WINDOWS\system32\NLAapi.dll
0x00007fffb0860000 - 0x00007fffb0904000 	C:\WINDOWS\SYSTEM32\DNSAPI.dll
0x00007fff9c530000 - 0x00007fff9c53e000 	C:\WINDOWS\System32\winrnr.dll
0x0000000065970000 - 0x0000000065996000 	C:\Program Files\Bonjour\mdnsNSP.dll
0x00007fff9c510000 - 0x00007fff9c525000 	C:\WINDOWS\System32\wshbth.dll
0x00007fffae970000 - 0x00007fffae97a000 	C:\Windows\System32\rasadhlp.dll
0x00007fffa3500000 - 0x00007fffa356b000 	C:\WINDOWS\System32\fwpuclnt.dll
0x000000005fe30000 - 0x000000005fe41000 	C:\Program Files\Java\jdk1.8.0_101\jre\bin\prism_common.dll
0x00007fffb4680000 - 0x00007fffb471e000 	C:\WINDOWS\System32\clbcatq.dll
0x00007fffa8a10000 - 0x00007fffa8bbc000 	C:\WINDOWS\SYSTEM32\WindowsCodecs.dll
0x00007fff8bb70000 - 0x00007fff8bbb7000 	C:\WINDOWS\system32\dataexchange.dll
0x00007fffae3b0000 - 0x00007fffae68f000 	C:\WINDOWS\system32\d3d11.dll
0x00007fffaf130000 - 0x00007fffaf252000 	C:\WINDOWS\system32\dcomp.dll
0x00007fffb0010000 - 0x00007fffb00b4000 	C:\WINDOWS\system32\dxgi.dll
0x00007fffafbe0000 - 0x00007fffafd50000 	C:\WINDOWS\system32\twinapi.appcore.dll
0x00007fffa9900000 - 0x00007fffa9aa9000 	C:\WINDOWS\SYSTEM32\dbghelp.dll

VM Arguments:
jvm_args: -Xdebug -Xrunjdwp:transport=dt_shmem,address=javadebug -Dfile.encoding=UTF-8 
java_command: com.codename1.impl.javase.Simulator com.linkar.main.MyApplication
java_class_path (initial): G:\linkarMobile\JavaSE.jar;G:\linkarMobile\lib\CLDC11.jar;G:\linkarMobile\lib\CodenameOne.jar;G:\linkarMobile\lib\CodenameOne_SRC.zip;G:\linkarMobile\override;G:\linkarMobile\lib\impl\cls;G:\linkarMobile\lib\impl\stubs;G:\linkarMobile\build\classes;G:\linkarMobile\native\internal_tmp
Launcher Type: SUN_STANDARD

Environment Variables:
PATH=C:\oraclexe\app\oracle\product\10.2.0\server\bin;C:\Program Files (x86)\Razer Chroma SDK\bin;C:\Program Files\Razer Chroma SDK\bin;C:\ProgramData\Oracle\Java\javapath;C:\Windows\system32;C:\Windows;C:\Windows\System32\Wbem;C:\Windows\System32\WindowsPowerShell\v1.0\;C:\Users\Oussama Reguez\.dnx\bin;C:\Program Files\Microsoft DNX\Dnvm\;C:\Program Files (x86)\Windows Kits\8.1\Windows Performance Toolkit\;C:\Program Files\Microsoft SQL Server\120\Tools\Binn\;C:\Program Files\Microsoft SQL Server\130\Tools\Binn\;C:\Program Files (x86)\AOMEI Backupper;C:\Program Files\OpenVPN\bin;C:\Users\Oussama Reguez\AppData\Local\Microsoft\WindowsApps;C:\Program Files (x86)\NVIDIA Corporation\PhysX\Common;C:\Program Files\Git\cmd;C:\wamp\bin\php\php5.6.25;C:\Program Files (x86)\Skype\Phone\;C:\Program Files (x86)\GnuWin32\bin;C:\Program Files (x86)\CodeBlocks\MinGW\bin;%SystemRoot%\system32;%SystemRoot%;%SystemRoot%\System32\Wbem;%SYSTEMROOT%\System32\WindowsPowerShell\v1.0\;C:\Users\Oussama Reguez\AppData\Local\Microsoft\WindowsApps;
USERNAME=Oussama Reguez
OS=Windows_NT
PROCESSOR_IDENTIFIER=Intel64 Family 6 Model 60 Stepping 3, GenuineIntel



---------------  S Y S T E M  ---------------

OS: Windows 10.0 , 64 bit Build 15063 (10.0.15063.0)

CPU:total 8 (4 cores per cpu, 2 threads per core) family 6 model 60 stepping 3, cmov, cx8, fxsr, mmx, sse, sse2, sse3, ssse3, sse4.1, sse4.2, popcnt, avx, avx2, aes, clmul, erms, lzcnt, ht, tsc, tscinvbit, bmi1, bmi2

Memory: 4k page, physical 8106348k(1292456k free), swap 13873516k(1792408k free)

vm_info: Java HotSpot(TM) 64-Bit Server VM (25.101-b13) for windows-amd64 JRE (1.8.0_101-b13), built on Jun 22 2016 01:21:29 by "java_re" with MS VC++ 10.0 (VS2010)

time: Wed May 03 03:48:18 2017
elapsed time: 35 seconds (0d 0h 0m 35s)

